0 info it worked if it ends with ok
1 verbose cli [ '/usr/local/Cellar/node/6.8.1/bin/node',
1 verbose cli   '/usr/local/bin/npm',
1 verbose cli   'publish' ]
2 info using npm@3.10.8
3 info using node@v6.8.1
4 verbose publish [ '.' ]
5 silly cache add args [ '.', null ]
6 verbose cache add spec .
7 silly cache add parsed spec Result {
7 silly cache add   raw: '.',
7 silly cache add   scope: null,
7 silly cache add   escapedName: null,
7 silly cache add   name: null,
7 silly cache add   rawSpec: '.',
7 silly cache add   spec: '/Users/linghao/Downloads/npm_test/ling',
7 silly cache add   type: 'directory' }
8 verbose addLocalDirectory /Users/linghao/.npm/superl/1.0.1/package.tgz not in flight; packing
9 verbose correctMkdir /Users/linghao/.npm correctMkdir not in flight; initializing
10 info lifecycle superl@1.0.1~prepublish: superl@1.0.1
11 silly lifecycle superl@1.0.1~prepublish: no script for prepublish, continuing
12 verbose tar pack [ '/Users/linghao/.npm/superl/1.0.1/package.tgz',
12 verbose tar pack   '/Users/linghao/Downloads/npm_test/ling' ]
13 verbose tarball /Users/linghao/.npm/superl/1.0.1/package.tgz
14 verbose folder /Users/linghao/Downloads/npm_test/ling
15 verbose addLocalTarball adding from inside cache /Users/linghao/.npm/superl/1.0.1/package.tgz
16 verbose correctMkdir /Users/linghao/.npm correctMkdir not in flight; initializing
17 silly cache afterAdd superl@1.0.1
18 verbose afterAdd /Users/linghao/.npm/superl/1.0.1/package/package.json not in flight; writing
19 verbose correctMkdir /Users/linghao/.npm correctMkdir not in flight; initializing
20 verbose afterAdd /Users/linghao/.npm/superl/1.0.1/package/package.json written
21 silly publish { name: 'superl',
21 silly publish   version: '1.0.1',
21 silly publish   description: 'this is a first module for test',
21 silly publish   main: 'index.js',
21 silly publish   scripts: { test: 'make test' },
21 silly publish   repository:
21 silly publish    { type: 'git',
21 silly publish      url: 'git+https://github.com/linghao2014/ling.git' },
21 silly publish   keywords: [ 'Module', 'Test' ],
21 silly publish   author: { name: 'hzlinghao' },
21 silly publish   license: 'MIT',
21 silly publish   bugs: { url: 'https://github.com/linghao2014/ling/issues' },
21 silly publish   homepage: 'https://github.com/linghao2014/ling#readme',
21 silly publish   readme: '# ling\n一个可爱的项目\n',
21 silly publish   readmeFilename: 'README.md',
21 silly publish   gitHead: 'e82baaa504b9bddb9a7f17b7c8473a4c847fd4a5',
21 silly publish   _id: 'superl@1.0.1',
21 silly publish   _shasum: '796d019b744a9d3ef587f868a3801d8ed16a8509',
21 silly publish   _from: '.' }
22 verbose getPublishConfig undefined
23 silly mapToRegistry name superl
24 silly mapToRegistry using default registry
25 silly mapToRegistry registry https://registry.npmjs.org/
26 silly mapToRegistry data Result {
26 silly mapToRegistry   raw: 'superl',
26 silly mapToRegistry   scope: null,
26 silly mapToRegistry   escapedName: 'superl',
26 silly mapToRegistry   name: 'superl',
26 silly mapToRegistry   rawSpec: '',
26 silly mapToRegistry   spec: 'latest',
26 silly mapToRegistry   type: 'tag' }
27 silly mapToRegistry uri https://registry.npmjs.org/superl
28 verbose publish registryBase https://registry.npmjs.org/
29 silly publish uploading /Users/linghao/.npm/superl/1.0.1/package.tgz
30 verbose request uri https://registry.npmjs.org/superl
31 verbose request sending authorization for write operation
32 info attempt registry request try #1 at 14:47:36
33 verbose request using bearer token for auth
34 verbose request id 67c7961b1b3b201c
35 http request PUT https://registry.npmjs.org/superl
36 http 403 https://registry.npmjs.org/superl
37 verbose headers { 'content-type': 'application/json',
37 verbose headers   'cache-control': 'max-age=300',
37 verbose headers   'content-length': '95',
37 verbose headers   'accept-ranges': 'bytes',
37 verbose headers   date: 'Thu, 03 Nov 2016 06:47:37 GMT',
37 verbose headers   via: '1.1 varnish',
37 verbose headers   connection: 'keep-alive',
37 verbose headers   'x-served-by': 'cache-itm7423-ITM',
37 verbose headers   'x-cache': 'MISS',
37 verbose headers   'x-cache-hits': '0',
37 verbose headers   'x-timer': 'S1478155657.410526,VS0,VE574',
37 verbose headers   vary: 'Accept-Encoding' }
38 verbose request invalidating /Users/linghao/.npm/registry.npmjs.org/superl on PUT
39 error publish Failed PUT 403
40 verbose stack Error: "You cannot publish over the previously published version 1.0.1." : superl
40 verbose stack     at makeError (/usr/local/lib/node_modules/npm/node_modules/npm-registry-client/lib/request.js:302:12)
40 verbose stack     at CachingRegistryClient.<anonymous> (/usr/local/lib/node_modules/npm/node_modules/npm-registry-client/lib/request.js:290:14)
40 verbose stack     at Request._callback (/usr/local/lib/node_modules/npm/node_modules/npm-registry-client/lib/request.js:210:14)
40 verbose stack     at Request.self.callback (/usr/local/lib/node_modules/npm/node_modules/request/request.js:187:22)
40 verbose stack     at emitTwo (events.js:106:13)
40 verbose stack     at Request.emit (events.js:191:7)
40 verbose stack     at Request.<anonymous> (/usr/local/lib/node_modules/npm/node_modules/request/request.js:1044:10)
40 verbose stack     at emitOne (events.js:96:13)
40 verbose stack     at Request.emit (events.js:188:7)
40 verbose stack     at IncomingMessage.<anonymous> (/usr/local/lib/node_modules/npm/node_modules/request/request.js:965:12)
41 verbose statusCode 403
42 verbose pkgid superl
43 verbose cwd /Users/linghao/Downloads/npm_test/ling
44 error Darwin 15.6.0
45 error argv "/usr/local/Cellar/node/6.8.1/bin/node" "/usr/local/bin/npm" "publish"
46 error node v6.8.1
47 error npm  v3.10.8
48 error code E403
49 error "You cannot publish over the previously published version 1.0.1." : superl
50 error If you need help, you may report this error at:
50 error     <https://github.com/npm/npm/issues>
51 verbose exit [ 1, true ]
